<?xml version="1.0" encoding="UTF-8"?>
<coverage generated="1583225210692" clover="3.2.0">
  <project timestamp="1583225210692" name="All files">
    <metrics statements="21" coveredstatements="21" conditionals="10" coveredconditionals="10" methods="3" coveredmethods="3" elements="34" coveredelements="34" complexity="0" loc="21" ncloc="21" packages="1" files="2" classes="2"/>
    <file name="analyzeData.js" path="/home/oleg/oleg_test_folder/frontend-project-lvl2/src/analyzeData.js">
      <metrics statements="7" coveredstatements="7" conditionals="0" coveredconditionals="0" methods="1" coveredmethods="1"/>
      <line num="3" count="1" type="stmt"/>
      <line num="5" count="1" type="stmt"/>
      <line num="6" count="3" type="stmt"/>
      <line num="7" count="3" type="stmt"/>
      <line num="8" count="3" type="stmt"/>
      <line num="9" count="3" type="stmt"/>
      <line num="10" count="3" type="stmt"/>
    </file>
    <file name="determineDifference.js" path="/home/oleg/oleg_test_folder/frontend-project-lvl2/src/determineDifference.js">
      <metrics statements="14" coveredstatements="14" conditionals="10" coveredconditionals="10" methods="2" coveredmethods="2"/>
      <line num="1" count="1" type="stmt"/>
      <line num="3" count="1" type="stmt"/>
      <line num="4" count="3" type="stmt"/>
      <line num="5" count="3" type="stmt"/>
      <line num="6" count="3" type="stmt"/>
      <line num="7" count="3" type="stmt"/>
      <line num="8" count="8" type="cond" truecount="4" falsecount="0"/>
      <line num="9" count="2" type="cond" truecount="2" falsecount="0"/>
      <line num="10" count="1" type="stmt"/>
      <line num="12" count="1" type="stmt"/>
      <line num="14" count="6" type="cond" truecount="4" falsecount="0"/>
      <line num="15" count="2" type="stmt"/>
      <line num="17" count="4" type="stmt"/>
      <line num="19" count="3" type="stmt"/>
    </file>
  </project>
</coverage>
