TN:
SF:src/analyzeData.js
FN:5,(anonymous_0)
FNF:1
FNH:1
FNDA:3,(anonymous_0)
DA:3,1
DA:5,1
DA:6,3
DA:7,3
DA:8,3
DA:9,3
DA:10,3
LF:7
LH:7
BRF:0
BRH:0
end_of_record
TN:
SF:src/determineDifference.js
FN:3,(anonymous_0)
FN:7,(anonymous_1)
FNF:2
FNH:2
FNDA:3,(anonymous_0)
FNDA:8,(anonymous_1)
DA:1,1
DA:3,1
DA:4,3
DA:5,3
DA:6,3
DA:7,3
DA:8,8
DA:9,2
DA:10,1
DA:12,1
DA:14,6
DA:15,2
DA:17,4
DA:19,3
LF:14
LH:14
BRDA:8,0,0,2
BRDA:8,0,1,6
BRDA:8,1,0,8
BRDA:8,1,1,4
BRDA:9,2,0,1
BRDA:9,2,1,1
BRDA:14,3,0,2
BRDA:14,3,1,4
BRDA:14,4,0,6
BRDA:14,4,1,2
BRF:10
BRH:10
end_of_record
